::1 - - [16/Jul/2025 01:57:12] "GET / HTTP/1.1" 200 -
::1 - - [16/Jul/2025 01:57:16] "GET /prophecy.html HTTP/1.1" 200 -
::1 - - [16/Jul/2025 02:00:01] "GET /news.html HTTP/1.1" 200 -
::1 - - [16/Jul/2025 02:03:56] "GET /prophecy.html HTTP/1.1" 304 -
::1 - - [16/Jul/2025 02:21:49] "GET /prophecy.html HTTP/1.1" 200 -
::1 - - [16/Jul/2025 02:22:00] "GET /index.html HTTP/1.1" 200 -
::1 - - [16/Jul/2025 02:22:09] "GET /news.html HTTP/1.1" 200 -
::1 - - [16/Jul/2025 02:24:19] "GET /news.html HTTP/1.1" 304 -
::1 - - [16/Jul/2025 02:24:21] "GET /prophecy.html HTTP/1.1" 304 -
::1 - - [16/Jul/2025 02:24:23] "GET /about.html HTTP/1.1" 200 -
::1 - - [16/Jul/2025 02:24:31] "GET /index.html HTTP/1.1" 304 -
::1 - - [16/Jul/2025 02:35:10] "GET /prophecy.html HTTP/1.1" 200 -
::1 - - [16/Jul/2025 02:35:13] "GET /index.html HTTP/1.1" 200 -
::1 - - [16/Jul/2025 02:35:16] "GET /education.html HTTP/1.1" 200 -
::1 - - [16/Jul/2025 02:35:17] "GET /images/israeli-flag.jpg HTTP/1.1" 200 -
::1 - - [16/Jul/2025 02:37:58] "GET /prophecy.html HTTP/1.1" 304 -
::1 - - [16/Jul/2025 02:40:00] "GET /education.html HTTP/1.1" 200 -
::1 - - [16/Jul/2025 02:40:01] "GET /images/israeli-flag.jpg HTTP/1.1" 304 -
::1 - - [16/Jul/2025 02:40:10] code 404, message File not found
::1 - - [16/Jul/2025 02:40:10] "GET /favicon.ico HTTP/1.1" 404 -
::1 - - [16/Jul/2025 03:47:19] "GET /education.html HTTP/1.1" 200 -
::1 - - [16/Jul/2025 03:47:20] "GET /images/israeli-flag.jpg HTTP/1.1" 304 -
::1 - - [16/Jul/2025 03:57:31] "GET /education.html HTTP/1.1" 200 -
::1 - - [16/Jul/2025 03:57:32] "GET /images/israeli-flag.jpg HTTP/1.1" 304 -
::1 - - [16/Jul/2025 09:14:05] "GET /education.html HTTP/1.1" 304 -
::1 - - [16/Jul/2025 09:14:06] "GET /images/israeli-flag.jpg HTTP/1.1" 304 -
::1 - - [16/Jul/2025 09:14:23] "GET /prophecy.html HTTP/1.1" 304 -
